<?xml version="1.0" encoding="UTF-8"?>
<testng-results ignored="0" total="1" passed="1" failed="0" skipped="0">
  <reporter-output>
  </reporter-output>
  <suite started-at="2024-05-03T11:10:11 IST" name="Suite" finished-at="2024-05-03T11:10:19 IST" duration-ms="7890">
    <groups>
    </groups>
    <test started-at="2024-05-03T11:10:11 IST" name="Test" finished-at="2024-05-03T11:10:19 IST" duration-ms="7890">
      <class name="tc.Test8">
        <test-method signature="test1()[pri:0, instance:tc.Test8@be64738]" started-at="2024-05-03T11:10:11 IST" name="test1" finished-at="2024-05-03T11:10:19 IST" duration-ms="7876" status="PASS">
          <reporter-output>
          </reporter-output>
        </test-method> <!-- test1 -->
      </class> <!-- tc.Test8 -->
    </test> <!-- Test -->
  </suite> <!-- Suite -->
</testng-results>
