<?xml version="1.0" encoding="UTF-8"?>
<testng-results ignored="0" total="1" passed="1" failed="0" skipped="0">
  <reporter-output>
  </reporter-output>
  <suite started-at="2024-04-30T22:51:51 IST" name="Suite" finished-at="2024-04-30T22:51:54 IST" duration-ms="2760">
    <groups>
    </groups>
    <test started-at="2024-04-30T22:51:51 IST" name="Test" finished-at="2024-04-30T22:51:54 IST" duration-ms="2760">
      <class name="yadu.Test8">
        <test-method signature="test1()[pri:0, instance:yadu.Test8@6ef888f6]" started-at="2024-04-30T22:51:51 IST" name="test1" finished-at="2024-04-30T22:51:54 IST" duration-ms="2747" status="PASS">
          <reporter-output>
          </reporter-output>
        </test-method> <!-- test1 -->
      </class> <!-- yadu.Test8 -->
    </test> <!-- Test -->
  </suite> <!-- Suite -->
</testng-results>
